<?xml version="1.0" encoding="UTF-8"?>
<testng-results ignored="0" total="1" passed="1" failed="0" skipped="0">
  <reporter-output>
  </reporter-output>
  <suite started-at="2024-10-13T14:03:09 IST" name="Default suite" finished-at="2024-10-13T14:03:10 IST" duration-ms="1125">
    <groups>
    </groups>
    <test started-at="2024-10-13T14:03:09 IST" name="Default test" finished-at="2024-10-13T14:03:10 IST" duration-ms="1125">
      <class name="day4restassured.ResponseValidationDiffWays">
        <test-method signature="bodyValidationApproachThree()[pri:0, instance:day4restassured.ResponseValidationDiffWays@7e5afaa6]" started-at="2024-10-13T14:03:09 IST" name="bodyValidationApproachThree" finished-at="2024-10-13T14:03:10 IST" duration-ms="1092" status="PASS">
          <reporter-output>
          </reporter-output>
        </test-method> <!-- bodyValidationApproachThree -->
      </class> <!-- day4restassured.ResponseValidationDiffWays -->
    </test> <!-- Default test -->
  </suite> <!-- Default suite -->
</testng-results>
