<?xml version="1.0" encoding="UTF-8"?>
<!-- Generated by org.testng.reporters.JUnitReportReporter -->
<testsuite hostname="LIN-5CG3093R5D" failures="0" tests="2" name="restassuredday2.ThirdWayofPostPOJO" time="2.550" errors="0" timestamp="2024-10-07T13:44:48 IST" skipped="0">
  <testcase classname="restassuredday2.ThirdWayofPostPOJO" name="createUser" time="2.510"/>
  <system-out/>
  <testcase classname="restassuredday2.ThirdWayofPostPOJO" name="getuserData" time="0.040"/>
  <system-out/>
</testsuite> <!-- restassuredday2.ThirdWayofPostPOJO -->
