<?xml version="1.0" encoding="UTF-8"?>
<!-- Generated by org.testng.reporters.JUnitReportReporter -->
<testsuite hostname="LIN-5CG3093R5D" failures="0" tests="4" name="com.rest.apitests.HTTPRequestTest" time="3.583" errors="0" timestamp="2024-10-07T13:35:05 IST" skipped="0">
  <testcase classname="com.rest.apitests.HTTPRequestTest" name="getUsers" time="2.286"/>
  <system-out/>
  <testcase classname="com.rest.apitests.HTTPRequestTest" name="createUser" time="0.466"/>
  <system-out/>
  <testcase classname="com.rest.apitests.HTTPRequestTest" name="updateUser" time="0.402"/>
  <system-out/>
  <testcase classname="com.rest.apitests.HTTPRequestTest" name="deleteUser" time="0.429"/>
  <system-out/>
</testsuite> <!-- com.rest.apitests.HTTPRequestTest -->
